<?xml version="1.0" encoding="UTF-8"?>
<testsuite xmlns:xsi="http://www.w3.org/2001/XMLSchema-instance" xsi:noNamespaceSchemaLocation="https://maven.apache.org/surefire/maven-surefire-plugin/xsd/surefire-test-report.xsd" name="com.ubagroup.ci.paynsend.core.AppTest" time="0.068" tests="1" errors="0" skipped="0" failures="0">
  <properties>
    <property name="gopherProxySet" value="false"/>
    <property name="awt.toolkit" value="sun.lwawt.macosx.LWCToolkit"/>
    <property name="java.specification.version" value="11"/>
    <property name="sun.cpu.isalist" value=""/>
    <property name="sun.jnu.encoding" value="UTF-8"/>
    <property name="java.class.path" value="/Users/macbook/Desktop/TECHNIKING/UBA/PAYNSEND/core/target/test-classes:/Users/macbook/Desktop/TECHNIKING/UBA/PAYNSEND/core/target/classes:/Users/macbook/.m2/repository/org/json/json/20090211/json-20090211.jar:/Users/macbook/.m2/repository/org/springframework/boot/spring-boot-starter-data-mongodb/2.3.3.RELEASE/spring-boot-starter-data-mongodb-2.3.3.RELEASE.jar:/Users/macbook/.m2/repository/org/springframework/boot/spring-boot-starter/2.3.3.RELEASE/spring-boot-starter-2.3.3.RELEASE.jar:/Users/macbook/.m2/repository/org/springframework/boot/spring-boot/2.3.3.RELEASE/spring-boot-2.3.3.RELEASE.jar:/Users/macbook/.m2/repository/org/springframework/boot/spring-boot-autoconfigure/2.3.3.RELEASE/spring-boot-autoconfigure-2.3.3.RELEASE.jar:/Users/macbook/.m2/repository/org/springframework/boot/spring-boot-starter-logging/2.3.3.RELEASE/spring-boot-starter-logging-2.3.3.RELEASE.jar:/Users/macbook/.m2/repository/ch/qos/logback/logback-classic/1.2.3/logback-classic-1.2.3.jar:/Users/macbook/.m2/repository/ch/qos/logback/logback-core/1.2.3/logback-core-1.2.3.jar:/Users/macbook/.m2/repository/org/apache/logging/log4j/log4j-to-slf4j/2.13.3/log4j-to-slf4j-2.13.3.jar:/Users/macbook/.m2/repository/org/apache/logging/log4j/log4j-api/2.13.3/log4j-api-2.13.3.jar:/Users/macbook/.m2/repository/org/slf4j/jul-to-slf4j/1.7.30/jul-to-slf4j-1.7.30.jar:/Users/macbook/.m2/repository/jakarta/annotation/jakarta.annotation-api/1.3.5/jakarta.annotation-api-1.3.5.jar:/Users/macbook/.m2/repository/org/springframework/spring-core/5.2.8.RELEASE/spring-core-5.2.8.RELEASE.jar:/Users/macbook/.m2/repository/org/springframework/spring-jcl/5.2.8.RELEASE/spring-jcl-5.2.8.RELEASE.jar:/Users/macbook/.m2/repository/org/yaml/snakeyaml/1.26/snakeyaml-1.26.jar:/Users/macbook/.m2/repository/org/mongodb/mongodb-driver-sync/4.0.5/mongodb-driver-sync-4.0.5.jar:/Users/macbook/.m2/repository/org/mongodb/bson/4.0.5/bson-4.0.5.jar:/Users/macbook/.m2/repository/org/mongodb/mongodb-driver-core/4.0.5/mongodb-driver-core-4.0.5.jar:/Users/macbook/.m2/repository/org/springframework/data/spring-data-mongodb/3.0.3.RELEASE/spring-data-mongodb-3.0.3.RELEASE.jar:/Users/macbook/.m2/repository/org/springframework/spring-tx/5.2.8.RELEASE/spring-tx-5.2.8.RELEASE.jar:/Users/macbook/.m2/repository/org/springframework/spring-context/5.2.8.RELEASE/spring-context-5.2.8.RELEASE.jar:/Users/macbook/.m2/repository/org/springframework/spring-aop/5.2.8.RELEASE/spring-aop-5.2.8.RELEASE.jar:/Users/macbook/.m2/repository/org/springframework/spring-beans/5.2.8.RELEASE/spring-beans-5.2.8.RELEASE.jar:/Users/macbook/.m2/repository/org/springframework/spring-expression/5.2.8.RELEASE/spring-expression-5.2.8.RELEASE.jar:/Users/macbook/.m2/repository/org/springframework/data/spring-data-commons/2.3.3.RELEASE/spring-data-commons-2.3.3.RELEASE.jar:/Users/macbook/.m2/repository/org/slf4j/slf4j-api/1.7.30/slf4j-api-1.7.30.jar:/Users/macbook/.m2/repository/junit/junit/4.11/junit-4.11.jar:/Users/macbook/.m2/repository/org/hamcrest/hamcrest-core/2.2/hamcrest-core-2.2.jar:/Users/macbook/.m2/repository/org/hamcrest/hamcrest/2.2/hamcrest-2.2.jar:"/>
    <property name="java.vm.vendor" value="Oracle Corporation"/>
    <property name="sun.arch.data.model" value="64"/>
    <property name="java.vendor.url" value="https://openjdk.java.net/"/>
    <property name="user.timezone" value=""/>
    <property name="java.vm.specification.version" value="11"/>
    <property name="os.name" value="Mac OS X"/>
    <property name="sun.java.launcher" value="SUN_STANDARD"/>
    <property name="user.country" value="FR"/>
    <property name="sun.boot.library.path" value="/Library/Java/JavaVirtualMachines/jdk-11.0.8.jdk/Contents/Home/lib"/>
    <property name="sun.java.command" value="/Users/macbook/Desktop/TECHNIKING/UBA/PAYNSEND/core/target/surefire/surefirebooter17867341966619198770.jar /Users/macbook/Desktop/TECHNIKING/UBA/PAYNSEND/core/target/surefire 2020-08-27T09-42-01_100-jvmRun1 surefire18038538714075949687tmp surefire_03226018936987524271tmp"/>
    <property name="http.nonProxyHosts" value="local|*.local|169.254/16|*.169.254/16|localhost|*.localhost|127.0.0.1"/>
    <property name="jdk.debug" value="release"/>
    <property name="surefire.test.class.path" value="/Users/macbook/Desktop/TECHNIKING/UBA/PAYNSEND/core/target/test-classes:/Users/macbook/Desktop/TECHNIKING/UBA/PAYNSEND/core/target/classes:/Users/macbook/.m2/repository/org/json/json/20090211/json-20090211.jar:/Users/macbook/.m2/repository/org/springframework/boot/spring-boot-starter-data-mongodb/2.3.3.RELEASE/spring-boot-starter-data-mongodb-2.3.3.RELEASE.jar:/Users/macbook/.m2/repository/org/springframework/boot/spring-boot-starter/2.3.3.RELEASE/spring-boot-starter-2.3.3.RELEASE.jar:/Users/macbook/.m2/repository/org/springframework/boot/spring-boot/2.3.3.RELEASE/spring-boot-2.3.3.RELEASE.jar:/Users/macbook/.m2/repository/org/springframework/boot/spring-boot-autoconfigure/2.3.3.RELEASE/spring-boot-autoconfigure-2.3.3.RELEASE.jar:/Users/macbook/.m2/repository/org/springframework/boot/spring-boot-starter-logging/2.3.3.RELEASE/spring-boot-starter-logging-2.3.3.RELEASE.jar:/Users/macbook/.m2/repository/ch/qos/logback/logback-classic/1.2.3/logback-classic-1.2.3.jar:/Users/macbook/.m2/repository/ch/qos/logback/logback-core/1.2.3/logback-core-1.2.3.jar:/Users/macbook/.m2/repository/org/apache/logging/log4j/log4j-to-slf4j/2.13.3/log4j-to-slf4j-2.13.3.jar:/Users/macbook/.m2/repository/org/apache/logging/log4j/log4j-api/2.13.3/log4j-api-2.13.3.jar:/Users/macbook/.m2/repository/org/slf4j/jul-to-slf4j/1.7.30/jul-to-slf4j-1.7.30.jar:/Users/macbook/.m2/repository/jakarta/annotation/jakarta.annotation-api/1.3.5/jakarta.annotation-api-1.3.5.jar:/Users/macbook/.m2/repository/org/springframework/spring-core/5.2.8.RELEASE/spring-core-5.2.8.RELEASE.jar:/Users/macbook/.m2/repository/org/springframework/spring-jcl/5.2.8.RELEASE/spring-jcl-5.2.8.RELEASE.jar:/Users/macbook/.m2/repository/org/yaml/snakeyaml/1.26/snakeyaml-1.26.jar:/Users/macbook/.m2/repository/org/mongodb/mongodb-driver-sync/4.0.5/mongodb-driver-sync-4.0.5.jar:/Users/macbook/.m2/repository/org/mongodb/bson/4.0.5/bson-4.0.5.jar:/Users/macbook/.m2/repository/org/mongodb/mongodb-driver-core/4.0.5/mongodb-driver-core-4.0.5.jar:/Users/macbook/.m2/repository/org/springframework/data/spring-data-mongodb/3.0.3.RELEASE/spring-data-mongodb-3.0.3.RELEASE.jar:/Users/macbook/.m2/repository/org/springframework/spring-tx/5.2.8.RELEASE/spring-tx-5.2.8.RELEASE.jar:/Users/macbook/.m2/repository/org/springframework/spring-context/5.2.8.RELEASE/spring-context-5.2.8.RELEASE.jar:/Users/macbook/.m2/repository/org/springframework/spring-aop/5.2.8.RELEASE/spring-aop-5.2.8.RELEASE.jar:/Users/macbook/.m2/repository/org/springframework/spring-beans/5.2.8.RELEASE/spring-beans-5.2.8.RELEASE.jar:/Users/macbook/.m2/repository/org/springframework/spring-expression/5.2.8.RELEASE/spring-expression-5.2.8.RELEASE.jar:/Users/macbook/.m2/repository/org/springframework/data/spring-data-commons/2.3.3.RELEASE/spring-data-commons-2.3.3.RELEASE.jar:/Users/macbook/.m2/repository/org/slf4j/slf4j-api/1.7.30/slf4j-api-1.7.30.jar:/Users/macbook/.m2/repository/junit/junit/4.11/junit-4.11.jar:/Users/macbook/.m2/repository/org/hamcrest/hamcrest-core/2.2/hamcrest-core-2.2.jar:/Users/macbook/.m2/repository/org/hamcrest/hamcrest/2.2/hamcrest-2.2.jar:"/>
    <property name="sun.cpu.endian" value="little"/>
    <property name="user.home" value="/Users/macbook"/>
    <property name="user.language" value="fr"/>
    <property name="java.specification.vendor" value="Oracle Corporation"/>
    <property name="java.version.date" value="2020-07-14"/>
    <property name="java.home" value="/Library/Java/JavaVirtualMachines/jdk-11.0.8.jdk/Contents/Home"/>
    <property name="file.separator" value="/"/>
    <property name="basedir" value="/Users/macbook/Desktop/TECHNIKING/UBA/PAYNSEND/core"/>
    <property name="java.vm.compressedOopsMode" value="Zero based"/>
    <property name="line.separator" value="&#10;"/>
    <property name="java.specification.name" value="Java Platform API Specification"/>
    <property name="java.vm.specification.vendor" value="Oracle Corporation"/>
    <property name="java.awt.graphicsenv" value="sun.awt.CGraphicsEnvironment"/>
    <property name="surefire.real.class.path" value="/Users/macbook/Desktop/TECHNIKING/UBA/PAYNSEND/core/target/surefire/surefirebooter17867341966619198770.jar"/>
    <property name="sun.management.compiler" value="HotSpot 64-Bit Tiered Compilers"/>
    <property name="ftp.nonProxyHosts" value="local|*.local|169.254/16|*.169.254/16|localhost|*.localhost|127.0.0.1"/>
    <property name="java.runtime.version" value="11.0.8+10-LTS"/>
    <property name="user.name" value="macbook"/>
    <property name="path.separator" value=":"/>
    <property name="os.version" value="10.15.5"/>
    <property name="java.runtime.name" value="Java(TM) SE Runtime Environment"/>
    <property name="file.encoding" value="UTF-8"/>
    <property name="java.vm.name" value="Java HotSpot(TM) 64-Bit Server VM"/>
    <property name="java.vendor.version" value="18.9"/>
    <property name="localRepository" value="/Users/macbook/.m2/repository"/>
    <property name="java.vendor.url.bug" value="https://bugreport.java.com/bugreport/"/>
    <property name="java.io.tmpdir" value="/var/folders/82/99gx_qhd6nx1xpp33b_z3tq40000gp/T/"/>
    <property name="java.version" value="11.0.8"/>
    <property name="user.dir" value="/Users/macbook/Desktop/TECHNIKING/UBA/PAYNSEND/core"/>
    <property name="os.arch" value="x86_64"/>
    <property name="java.vm.specification.name" value="Java Virtual Machine Specification"/>
    <property name="java.awt.printerjob" value="sun.lwawt.macosx.CPrinterJob"/>
    <property name="sun.os.patch.level" value="unknown"/>
    <property name="java.library.path" value="/Users/macbook/Library/Java/Extensions:/Library/Java/Extensions:/Network/Library/Java/Extensions:/System/Library/Java/Extensions:/usr/lib/java:."/>
    <property name="java.vendor" value="Oracle Corporation"/>
    <property name="java.vm.info" value="mixed mode"/>
    <property name="java.vm.version" value="11.0.8+10-LTS"/>
    <property name="sun.io.unicode.encoding" value="UnicodeBig"/>
    <property name="java.class.version" value="55.0"/>
    <property name="socksNonProxyHosts" value="local|*.local|169.254/16|*.169.254/16|localhost|*.localhost|127.0.0.1"/>
  </properties>
  <testcase name="shouldAnswerWithTrue" classname="com.ubagroup.ci.paynsend.core.AppTest" time="0.003"/>
</testsuite>